0 info it worked if it ends with ok
1 verbose cli [ 'node', '/usr/local/bin/npm', 'install' ]
2 info using npm@1.4.28
3 info using node@v0.10.35
4 verbose readDependencies using package.json deps
5 verbose install where, deps [ '/Users/kimberlyleon1/myapp',
5 verbose install   [ 'express',
5 verbose install     'body-parser',
5 verbose install     'cookie-parser',
5 verbose install     'morgan',
5 verbose install     'serve-favicon',
5 verbose install     'debug',
5 verbose install     'jade' ] ]
6 info preinstall myapp@0.0.0
7 verbose readDependencies using package.json deps
8 verbose cache add [ 'express@~4.10.6', null ]
9 verbose cache add name=undefined spec="express@~4.10.6" args=["express@~4.10.6",null]
10 verbose parsed url { protocol: null,
10 verbose parsed url   slashes: null,
10 verbose parsed url   auth: null,
10 verbose parsed url   host: null,
10 verbose parsed url   port: null,
10 verbose parsed url   hostname: null,
10 verbose parsed url   hash: null,
10 verbose parsed url   search: null,
10 verbose parsed url   query: null,
10 verbose parsed url   pathname: 'express@~4.10.6',
10 verbose parsed url   path: 'express@~4.10.6',
10 verbose parsed url   href: 'express@~4.10.6' }
11 verbose cache add [ 'body-parser@~1.10.1', null ]
12 verbose cache add name=undefined spec="body-parser@~1.10.1" args=["body-parser@~1.10.1",null]
13 verbose parsed url { protocol: null,
13 verbose parsed url   slashes: null,
13 verbose parsed url   auth: null,
13 verbose parsed url   host: null,
13 verbose parsed url   port: null,
13 verbose parsed url   hostname: null,
13 verbose parsed url   hash: null,
13 verbose parsed url   search: null,
13 verbose parsed url   query: null,
13 verbose parsed url   pathname: 'body-parser@~1.10.1',
13 verbose parsed url   path: 'body-parser@~1.10.1',
13 verbose parsed url   href: 'body-parser@~1.10.1' }
14 verbose cache add [ 'cookie-parser@~1.3.3', null ]
15 verbose cache add name=undefined spec="cookie-parser@~1.3.3" args=["cookie-parser@~1.3.3",null]
16 verbose parsed url { protocol: null,
16 verbose parsed url   slashes: null,
16 verbose parsed url   auth: null,
16 verbose parsed url   host: null,
16 verbose parsed url   port: null,
16 verbose parsed url   hostname: null,
16 verbose parsed url   hash: null,
16 verbose parsed url   search: null,
16 verbose parsed url   query: null,
16 verbose parsed url   pathname: 'cookie-parser@~1.3.3',
16 verbose parsed url   path: 'cookie-parser@~1.3.3',
16 verbose parsed url   href: 'cookie-parser@~1.3.3' }
17 verbose cache add [ 'morgan@~1.5.1', null ]
18 verbose cache add name=undefined spec="morgan@~1.5.1" args=["morgan@~1.5.1",null]
19 verbose parsed url { protocol: null,
19 verbose parsed url   slashes: null,
19 verbose parsed url   auth: null,
19 verbose parsed url   host: null,
19 verbose parsed url   port: null,
19 verbose parsed url   hostname: null,
19 verbose parsed url   hash: null,
19 verbose parsed url   search: null,
19 verbose parsed url   query: null,
19 verbose parsed url   pathname: 'morgan@~1.5.1',
19 verbose parsed url   path: 'morgan@~1.5.1',
19 verbose parsed url   href: 'morgan@~1.5.1' }
20 verbose cache add name="express" spec="~4.10.6" args=["express","~4.10.6"]
21 verbose parsed url { protocol: null,
21 verbose parsed url   slashes: null,
21 verbose parsed url   auth: null,
21 verbose parsed url   host: null,
21 verbose parsed url   port: null,
21 verbose parsed url   hostname: null,
21 verbose parsed url   hash: null,
21 verbose parsed url   search: null,
21 verbose parsed url   query: null,
21 verbose parsed url   pathname: '~4.10.6',
21 verbose parsed url   path: '~4.10.6',
21 verbose parsed url   href: '~4.10.6' }
22 verbose addNamed [ 'express', '~4.10.6' ]
23 verbose addNamed [ null, '>=4.10.6-0 <4.11.0-0' ]
24 verbose cache add name="body-parser" spec="~1.10.1" args=["body-parser","~1.10.1"]
25 verbose parsed url { protocol: null,
25 verbose parsed url   slashes: null,
25 verbose parsed url   auth: null,
25 verbose parsed url   host: null,
25 verbose parsed url   port: null,
25 verbose parsed url   hostname: null,
25 verbose parsed url   hash: null,
25 verbose parsed url   search: null,
25 verbose parsed url   query: null,
25 verbose parsed url   pathname: '~1.10.1',
25 verbose parsed url   path: '~1.10.1',
25 verbose parsed url   href: '~1.10.1' }
26 verbose addNamed [ 'body-parser', '~1.10.1' ]
27 verbose addNamed [ null, '>=1.10.1-0 <1.11.0-0' ]
28 verbose cache add name="cookie-parser" spec="~1.3.3" args=["cookie-parser","~1.3.3"]
29 verbose parsed url { protocol: null,
29 verbose parsed url   slashes: null,
29 verbose parsed url   auth: null,
29 verbose parsed url   host: null,
29 verbose parsed url   port: null,
29 verbose parsed url   hostname: null,
29 verbose parsed url   hash: null,
29 verbose parsed url   search: null,
29 verbose parsed url   query: null,
29 verbose parsed url   pathname: '~1.3.3',
29 verbose parsed url   path: '~1.3.3',
29 verbose parsed url   href: '~1.3.3' }
30 verbose addNamed [ 'cookie-parser', '~1.3.3' ]
31 verbose addNamed [ null, '>=1.3.3-0 <1.4.0-0' ]
32 verbose cache add [ 'serve-favicon@~2.2.0', null ]
33 verbose cache add name=undefined spec="serve-favicon@~2.2.0" args=["serve-favicon@~2.2.0",null]
34 verbose parsed url { protocol: null,
34 verbose parsed url   slashes: null,
34 verbose parsed url   auth: null,
34 verbose parsed url   host: null,
34 verbose parsed url   port: null,
34 verbose parsed url   hostname: null,
34 verbose parsed url   hash: null,
34 verbose parsed url   search: null,
34 verbose parsed url   query: null,
34 verbose parsed url   pathname: 'serve-favicon@~2.2.0',
34 verbose parsed url   path: 'serve-favicon@~2.2.0',
34 verbose parsed url   href: 'serve-favicon@~2.2.0' }
35 verbose cache add [ 'debug@~2.1.1', null ]
36 verbose cache add name=undefined spec="debug@~2.1.1" args=["debug@~2.1.1",null]
37 verbose parsed url { protocol: null,
37 verbose parsed url   slashes: null,
37 verbose parsed url   auth: null,
37 verbose parsed url   host: null,
37 verbose parsed url   port: null,
37 verbose parsed url   hostname: null,
37 verbose parsed url   hash: null,
37 verbose parsed url   search: null,
37 verbose parsed url   query: null,
37 verbose parsed url   pathname: 'debug@~2.1.1',
37 verbose parsed url   path: 'debug@~2.1.1',
37 verbose parsed url   href: 'debug@~2.1.1' }
38 verbose cache add name="morgan" spec="~1.5.1" args=["morgan","~1.5.1"]
39 verbose parsed url { protocol: null,
39 verbose parsed url   slashes: null,
39 verbose parsed url   auth: null,
39 verbose parsed url   host: null,
39 verbose parsed url   port: null,
39 verbose parsed url   hostname: null,
39 verbose parsed url   hash: null,
39 verbose parsed url   search: null,
39 verbose parsed url   query: null,
39 verbose parsed url   pathname: '~1.5.1',
39 verbose parsed url   path: '~1.5.1',
39 verbose parsed url   href: '~1.5.1' }
40 verbose addNamed [ 'morgan', '~1.5.1' ]
41 verbose addNamed [ null, '>=1.5.1-0 <1.6.0-0' ]
42 silly lockFile 2847eb2c-express-4-10-6 express@~4.10.6
43 verbose lock express@~4.10.6 /Users/kimberlyleon1/.npm/2847eb2c-express-4-10-6.lock
44 silly lockFile 8e4fa182-body-parser-1-10-1 body-parser@~1.10.1
45 verbose lock body-parser@~1.10.1 /Users/kimberlyleon1/.npm/8e4fa182-body-parser-1-10-1.lock
46 silly lockFile bf5babd8-cookie-parser-1-3-3 cookie-parser@~1.3.3
47 verbose lock cookie-parser@~1.3.3 /Users/kimberlyleon1/.npm/bf5babd8-cookie-parser-1-3-3.lock
48 silly lockFile 66ba047d-morgan-1-5-1 morgan@~1.5.1
49 verbose lock morgan@~1.5.1 /Users/kimberlyleon1/.npm/66ba047d-morgan-1-5-1.lock
50 verbose cache add name="serve-favicon" spec="~2.2.0" args=["serve-favicon","~2.2.0"]
51 verbose parsed url { protocol: null,
51 verbose parsed url   slashes: null,
51 verbose parsed url   auth: null,
51 verbose parsed url   host: null,
51 verbose parsed url   port: null,
51 verbose parsed url   hostname: null,
51 verbose parsed url   hash: null,
51 verbose parsed url   search: null,
51 verbose parsed url   query: null,
51 verbose parsed url   pathname: '~2.2.0',
51 verbose parsed url   path: '~2.2.0',
51 verbose parsed url   href: '~2.2.0' }
52 verbose addNamed [ 'serve-favicon', '~2.2.0' ]
53 verbose addNamed [ null, '>=2.2.0-0 <2.3.0-0' ]
54 silly lockFile 9df5bad7-serve-favicon-2-2-0 serve-favicon@~2.2.0
55 verbose lock serve-favicon@~2.2.0 /Users/kimberlyleon1/.npm/9df5bad7-serve-favicon-2-2-0.lock
56 verbose cache add [ 'jade@~1.8.2', null ]
57 verbose cache add name=undefined spec="jade@~1.8.2" args=["jade@~1.8.2",null]
58 verbose parsed url { protocol: null,
58 verbose parsed url   slashes: null,
58 verbose parsed url   auth: null,
58 verbose parsed url   host: null,
58 verbose parsed url   port: null,
58 verbose parsed url   hostname: null,
58 verbose parsed url   hash: null,
58 verbose parsed url   search: null,
58 verbose parsed url   query: null,
58 verbose parsed url   pathname: 'jade@~1.8.2',
58 verbose parsed url   path: 'jade@~1.8.2',
58 verbose parsed url   href: 'jade@~1.8.2' }
59 verbose cache add name="debug" spec="~2.1.1" args=["debug","~2.1.1"]
60 verbose parsed url { protocol: null,
60 verbose parsed url   slashes: null,
60 verbose parsed url   auth: null,
60 verbose parsed url   host: null,
60 verbose parsed url   port: null,
60 verbose parsed url   hostname: null,
60 verbose parsed url   hash: null,
60 verbose parsed url   search: null,
60 verbose parsed url   query: null,
60 verbose parsed url   pathname: '~2.1.1',
60 verbose parsed url   path: '~2.1.1',
60 verbose parsed url   href: '~2.1.1' }
61 verbose addNamed [ 'debug', '~2.1.1' ]
62 verbose addNamed [ null, '>=2.1.1-0 <2.2.0-0' ]
63 silly lockFile 09d11068-debug-2-1-1 debug@~2.1.1
64 verbose lock debug@~2.1.1 /Users/kimberlyleon1/.npm/09d11068-debug-2-1-1.lock
65 verbose cache add name="jade" spec="~1.8.2" args=["jade","~1.8.2"]
66 verbose parsed url { protocol: null,
66 verbose parsed url   slashes: null,
66 verbose parsed url   auth: null,
66 verbose parsed url   host: null,
66 verbose parsed url   port: null,
66 verbose parsed url   hostname: null,
66 verbose parsed url   hash: null,
66 verbose parsed url   search: null,
66 verbose parsed url   query: null,
66 verbose parsed url   pathname: '~1.8.2',
66 verbose parsed url   path: '~1.8.2',
66 verbose parsed url   href: '~1.8.2' }
67 verbose addNamed [ 'jade', '~1.8.2' ]
68 verbose addNamed [ null, '>=1.8.2-0 <1.9.0-0' ]
69 silly lockFile 3c7a704c-jade-1-8-2 jade@~1.8.2
70 verbose lock jade@~1.8.2 /Users/kimberlyleon1/.npm/3c7a704c-jade-1-8-2.lock
71 silly addNameRange { name: 'express',
71 silly addNameRange   range: '>=4.10.6-0 <4.11.0-0',
71 silly addNameRange   hasData: false }
72 silly addNameRange { name: 'body-parser',
72 silly addNameRange   range: '>=1.10.1-0 <1.11.0-0',
72 silly addNameRange   hasData: false }
73 silly addNameRange { name: 'cookie-parser',
73 silly addNameRange   range: '>=1.3.3-0 <1.4.0-0',
73 silly addNameRange   hasData: false }
74 silly addNameRange { name: 'morgan', range: '>=1.5.1-0 <1.6.0-0', hasData: false }
75 silly addNameRange { name: 'serve-favicon',
75 silly addNameRange   range: '>=2.2.0-0 <2.3.0-0',
75 silly addNameRange   hasData: false }
76 silly addNameRange { name: 'debug', range: '>=2.1.1-0 <2.2.0-0', hasData: false }
77 silly addNameRange { name: 'jade', range: '>=1.8.2-0 <1.9.0-0', hasData: false }
78 verbose request where is /body-parser
79 verbose request registry https://registry.npmjs.org/
80 verbose request id 96dfb6fb414299fa
81 verbose url raw /body-parser
82 verbose url resolving [ 'https://registry.npmjs.org/', './body-parser' ]
83 verbose url resolved https://registry.npmjs.org/body-parser
84 verbose request where is https://registry.npmjs.org/body-parser
85 info trying registry request attempt 1 at 21:11:13
86 verbose etag "38OTRDFQWZ7DS6PTGQDS3W4LO"
87 http GET https://registry.npmjs.org/body-parser
88 verbose request where is /cookie-parser
89 verbose request registry https://registry.npmjs.org/
90 verbose url raw /cookie-parser
91 verbose url resolving [ 'https://registry.npmjs.org/', './cookie-parser' ]
92 verbose url resolved https://registry.npmjs.org/cookie-parser
93 verbose request where is https://registry.npmjs.org/cookie-parser
94 info trying registry request attempt 1 at 21:11:13
95 verbose etag "8RHCHHZDMD43ZCMD5UNJ8GNU3"
96 http GET https://registry.npmjs.org/cookie-parser
97 verbose request where is /morgan
98 verbose request registry https://registry.npmjs.org/
99 verbose url raw /morgan
100 verbose url resolving [ 'https://registry.npmjs.org/', './morgan' ]
101 verbose url resolved https://registry.npmjs.org/morgan
102 verbose request where is https://registry.npmjs.org/morgan
103 info trying registry request attempt 1 at 21:11:13
104 verbose etag "ADAF6VRN7MQ767QJ04T5H428T"
105 http GET https://registry.npmjs.org/morgan
106 verbose request where is /serve-favicon
107 verbose request registry https://registry.npmjs.org/
108 verbose url raw /serve-favicon
109 verbose url resolving [ 'https://registry.npmjs.org/', './serve-favicon' ]
110 verbose url resolved https://registry.npmjs.org/serve-favicon
111 verbose request where is https://registry.npmjs.org/serve-favicon
112 info trying registry request attempt 1 at 21:11:13
113 verbose etag "EIEC7IL0VFE32KZZQS4PAX10Q"
114 http GET https://registry.npmjs.org/serve-favicon
115 verbose request where is /express
116 verbose request registry https://registry.npmjs.org/
117 verbose url raw /express
118 verbose url resolving [ 'https://registry.npmjs.org/', './express' ]
119 verbose url resolved https://registry.npmjs.org/express
120 verbose request where is https://registry.npmjs.org/express
121 info trying registry request attempt 1 at 21:11:13
122 verbose etag "3L1QAMGZ8CBFQRT9U4NMU2HOJ"
123 http GET https://registry.npmjs.org/express
124 verbose request where is /debug
125 verbose request registry https://registry.npmjs.org/
126 verbose url raw /debug
127 verbose url resolving [ 'https://registry.npmjs.org/', './debug' ]
128 verbose url resolved https://registry.npmjs.org/debug
129 verbose request where is https://registry.npmjs.org/debug
130 info trying registry request attempt 1 at 21:11:13
131 verbose etag "176ZGYXVDNVI8540T07G06RXT"
132 http GET https://registry.npmjs.org/debug
133 verbose request where is /jade
134 verbose request registry https://registry.npmjs.org/
135 verbose url raw /jade
136 verbose url resolving [ 'https://registry.npmjs.org/', './jade' ]
137 verbose url resolved https://registry.npmjs.org/jade
138 verbose request where is https://registry.npmjs.org/jade
139 info trying registry request attempt 1 at 21:11:13
140 verbose etag "AMBCK5CSG9IHQJ9FP4V0QTOSQ"
141 http GET https://registry.npmjs.org/jade
142 http 304 https://registry.npmjs.org/morgan
143 silly registry.get cb [ 304,
143 silly registry.get   { date: 'Tue, 13 Jan 2015 02:11:14 GMT',
143 silly registry.get     server: 'Apache',
143 silly registry.get     via: '1.1 varnish',
143 silly registry.get     'last-modified': 'Tue, 13 Jan 2015 01:53:21 GMT',
143 silly registry.get     'cache-control': 'max-age=60',
143 silly registry.get     etag: '"ADAF6VRN7MQ767QJ04T5H428T"',
143 silly registry.get     age: '40',
143 silly registry.get     'x-served-by': 'cache-jfk1031-JFK',
143 silly registry.get     'x-cache': 'HIT',
143 silly registry.get     'x-cache-hits': '90',
143 silly registry.get     'x-timer': 'S1421115074.352959,VS0,VE0',
143 silly registry.get     vary: 'Accept',
143 silly registry.get     'content-length': '0',
143 silly registry.get     'keep-alive': 'timeout=10, max=50',
143 silly registry.get     connection: 'Keep-Alive' } ]
144 verbose etag https://registry.npmjs.org/morgan from cache
145 http 304 https://registry.npmjs.org/serve-favicon
146 silly registry.get cb [ 304,
146 silly registry.get   { date: 'Tue, 13 Jan 2015 02:11:14 GMT',
146 silly registry.get     server: 'Apache',
146 silly registry.get     via: '1.1 varnish',
146 silly registry.get     'last-modified': 'Tue, 13 Jan 2015 02:11:14 GMT',
146 silly registry.get     'cache-control': 'max-age=60',
146 silly registry.get     etag: '"EIEC7IL0VFE32KZZQS4PAX10Q"',
146 silly registry.get     age: '31',
146 silly registry.get     'x-served-by': 'cache-jfk1031-JFK',
146 silly registry.get     'x-cache': 'HIT',
146 silly registry.get     'x-cache-hits': '1',
146 silly registry.get     'x-timer': 'S1421115074.352840,VS0,VE0',
146 silly registry.get     vary: 'Accept',
146 silly registry.get     'content-length': '0',
146 silly registry.get     'keep-alive': 'timeout=10, max=50',
146 silly registry.get     connection: 'Keep-Alive' } ]
147 verbose etag https://registry.npmjs.org/serve-favicon from cache
148 http 304 https://registry.npmjs.org/body-parser
149 silly registry.get cb [ 304,
149 silly registry.get   { date: 'Tue, 13 Jan 2015 02:11:14 GMT',
149 silly registry.get     server: 'Apache',
149 silly registry.get     via: '1.1 varnish',
149 silly registry.get     'last-modified': 'Tue, 13 Jan 2015 02:10:53 GMT',
149 silly registry.get     'cache-control': 'max-age=60',
149 silly registry.get     etag: '"38OTRDFQWZ7DS6PTGQDS3W4LO"',
149 silly registry.get     age: '44',
149 silly registry.get     'x-served-by': 'cache-jfk1026-JFK',
149 silly registry.get     'x-cache': 'HIT',
149 silly registry.get     'x-cache-hits': '2',
149 silly registry.get     'x-timer': 'S1421115074.358665,VS0,VE0',
149 silly registry.get     vary: 'Accept',
149 silly registry.get     'content-length': '0',
149 silly registry.get     'keep-alive': 'timeout=10, max=50',
149 silly registry.get     connection: 'Keep-Alive' } ]
150 verbose etag https://registry.npmjs.org/body-parser from cache
151 http 304 https://registry.npmjs.org/cookie-parser
152 silly registry.get cb [ 304,
152 silly registry.get   { date: 'Tue, 13 Jan 2015 02:11:14 GMT',
152 silly registry.get     server: 'Apache',
152 silly registry.get     via: '1.1 varnish',
152 silly registry.get     'last-modified': 'Tue, 13 Jan 2015 02:10:17 GMT',
152 silly registry.get     'cache-control': 'max-age=60',
152 silly registry.get     etag: '"8RHCHHZDMD43ZCMD5UNJ8GNU3"',
152 silly registry.get     age: '59',
152 silly registry.get     'x-served-by': 'cache-jfk1028-JFK',
152 silly registry.get     'x-cache': 'HIT',
152 silly registry.get     'x-cache-hits': '3',
152 silly registry.get     'x-timer': 'S1421115074.360220,VS0,VE0',
152 silly registry.get     vary: 'Accept',
152 silly registry.get     'content-length': '0',
152 silly registry.get     'keep-alive': 'timeout=10, max=50',
152 silly registry.get     connection: 'Keep-Alive' } ]
153 verbose etag https://registry.npmjs.org/cookie-parser from cache
154 http 304 https://registry.npmjs.org/debug
155 silly registry.get cb [ 304,
155 silly registry.get   { date: 'Tue, 13 Jan 2015 02:11:14 GMT',
155 silly registry.get     server: 'Apache',
155 silly registry.get     via: '1.1 varnish',
155 silly registry.get     'last-modified': 'Tue, 13 Jan 2015 02:01:21 GMT',
155 silly registry.get     'cache-control': 'max-age=60',
155 silly registry.get     etag: '"176ZGYXVDNVI8540T07G06RXT"',
155 silly registry.get     age: '28',
155 silly registry.get     'x-served-by': 'cache-jfk1031-JFK',
155 silly registry.get     'x-cache': 'HIT',
155 silly registry.get     'x-cache-hits': '143',
155 silly registry.get     'x-timer': 'S1421115074.362965,VS0,VE0',
155 silly registry.get     vary: 'Accept',
155 silly registry.get     'content-length': '0',
155 silly registry.get     'keep-alive': 'timeout=10, max=49',
155 silly registry.get     connection: 'Keep-Alive' } ]
156 verbose etag https://registry.npmjs.org/debug from cache
157 silly addNameRange number 2 { name: 'morgan', range: '>=1.5.1-0 <1.6.0-0', hasData: true }
158 silly addNameRange versions [ 'morgan',
158 silly addNameRange   [ '1.0.0',
158 silly addNameRange     '1.0.1',
158 silly addNameRange     '1.1.0',
158 silly addNameRange     '1.1.1',
158 silly addNameRange     '1.2.0',
158 silly addNameRange     '1.2.1',
158 silly addNameRange     '1.2.2',
158 silly addNameRange     '1.2.3',
158 silly addNameRange     '1.3.0',
158 silly addNameRange     '1.3.1',
158 silly addNameRange     '1.3.2',
158 silly addNameRange     '1.4.0',
158 silly addNameRange     '1.4.1',
158 silly addNameRange     '1.5.0',
158 silly addNameRange     '1.5.1' ] ]
159 verbose addNamed [ 'morgan', '1.5.1' ]
160 verbose addNamed [ '1.5.1', '1.5.1' ]
161 silly lockFile 7ab299d0-morgan-1-5-1 morgan@1.5.1
162 verbose lock morgan@1.5.1 /Users/kimberlyleon1/.npm/7ab299d0-morgan-1-5-1.lock
163 silly addNameRange number 2 { name: 'body-parser',
163 silly addNameRange   range: '>=1.10.1-0 <1.11.0-0',
163 silly addNameRange   hasData: true }
164 silly addNameRange versions [ 'body-parser',
164 silly addNameRange   [ '1.0.0',
164 silly addNameRange     '1.0.1',
164 silly addNameRange     '1.0.2',
164 silly addNameRange     '1.1.0',
164 silly addNameRange     '1.1.1',
164 silly addNameRange     '1.1.2',
164 silly addNameRange     '1.2.0',
164 silly addNameRange     '1.2.1',
164 silly addNameRange     '1.2.2',
164 silly addNameRange     '1.3.0',
164 silly addNameRange     '1.3.1',
164 silly addNameRange     '1.4.0',
164 silly addNameRange     '1.4.1',
164 silly addNameRange     '1.4.2',
164 silly addNameRange     '1.4.3',
164 silly addNameRange     '1.5.0',
164 silly addNameRange     '1.5.1',
164 silly addNameRange     '1.5.2',
164 silly addNameRange     '1.6.0',
164 silly addNameRange     '1.6.1',
164 silly addNameRange     '1.6.2',
164 silly addNameRange     '1.6.3',
164 silly addNameRange     '1.6.4',
164 silly addNameRange     '1.6.5',
164 silly addNameRange     '1.6.6',
164 silly addNameRange     '1.6.7',
164 silly addNameRange     '1.7.0',
164 silly addNameRange     '1.8.0',
164 silly addNameRange     '1.8.1',
164 silly addNameRange     '1.8.2',
164 silly addNameRange     '1.8.3',
164 silly addNameRange     '1.8.4',
164 silly addNameRange     '1.9.0',
164 silly addNameRange     '1.9.1',
164 silly addNameRange     '1.9.2',
164 silly addNameRange     '1.9.3',
164 silly addNameRange     '1.10.0',
164 silly addNameRange     '1.10.1' ] ]
165 verbose addNamed [ 'body-parser', '1.10.1' ]
166 verbose addNamed [ '1.10.1', '1.10.1' ]
167 silly lockFile 0f993b18-body-parser-1-10-1 body-parser@1.10.1
168 verbose lock body-parser@1.10.1 /Users/kimberlyleon1/.npm/0f993b18-body-parser-1-10-1.lock
169 silly addNameRange number 2 { name: 'serve-favicon',
169 silly addNameRange   range: '>=2.2.0-0 <2.3.0-0',
169 silly addNameRange   hasData: true }
170 silly addNameRange versions [ 'serve-favicon',
170 silly addNameRange   [ '2.0.0',
170 silly addNameRange     '2.0.1',
170 silly addNameRange     '2.1.0',
170 silly addNameRange     '2.1.1',
170 silly addNameRange     '2.1.2',
170 silly addNameRange     '2.1.3',
170 silly addNameRange     '2.1.4',
170 silly addNameRange     '2.1.5',
170 silly addNameRange     '2.1.6',
170 silly addNameRange     '2.1.7',
170 silly addNameRange     '2.2.0' ] ]
171 verbose addNamed [ 'serve-favicon', '2.2.0' ]
172 verbose addNamed [ '2.2.0', '2.2.0' ]
173 silly lockFile cef81d7c-serve-favicon-2-2-0 serve-favicon@2.2.0
174 verbose lock serve-favicon@2.2.0 /Users/kimberlyleon1/.npm/cef81d7c-serve-favicon-2-2-0.lock
175 silly addNameRange number 2 { name: 'cookie-parser',
175 silly addNameRange   range: '>=1.3.3-0 <1.4.0-0',
175 silly addNameRange   hasData: true }
176 silly addNameRange versions [ 'cookie-parser',
176 silly addNameRange   [ '1.0.0',
176 silly addNameRange     '1.0.1',
176 silly addNameRange     '1.1.0',
176 silly addNameRange     '1.2.0',
176 silly addNameRange     '1.3.0',
176 silly addNameRange     '1.3.1',
176 silly addNameRange     '1.3.2',
176 silly addNameRange     '1.3.3' ] ]
177 verbose addNamed [ 'cookie-parser', '1.3.3' ]
178 verbose addNamed [ '1.3.3', '1.3.3' ]
179 silly lockFile 68450bd4-cookie-parser-1-3-3 cookie-parser@1.3.3
180 verbose lock cookie-parser@1.3.3 /Users/kimberlyleon1/.npm/68450bd4-cookie-parser-1-3-3.lock
181 silly addNameRange number 2 { name: 'debug', range: '>=2.1.1-0 <2.2.0-0', hasData: true }
182 silly addNameRange versions [ 'debug',
182 silly addNameRange   [ '0.0.1',
182 silly addNameRange     '0.1.0',
182 silly addNameRange     '0.2.0',
182 silly addNameRange     '0.3.0',
182 silly addNameRange     '0.4.0',
182 silly addNameRange     '0.4.1',
182 silly addNameRange     '0.5.0',
182 silly addNameRange     '0.6.0',
182 silly addNameRange     '0.7.0',
182 silly addNameRange     '0.7.1',
182 silly addNameRange     '0.7.2',
182 silly addNameRange     '0.7.3',
182 silly addNameRange     '0.7.4',
182 silly addNameRange     '0.8.0',
182 silly addNameRange     '0.8.1',
182 silly addNameRange     '1.0.0',
182 silly addNameRange     '1.0.1',
182 silly addNameRange     '1.0.2',
182 silly addNameRange     '1.0.3',
182 silly addNameRange     '1.0.4',
182 silly addNameRange     '2.0.0',
182 silly addNameRange     '2.1.0',
182 silly addNameRange     '2.1.1' ] ]
183 verbose addNamed [ 'debug', '2.1.1' ]
184 verbose addNamed [ '2.1.1', '2.1.1' ]
185 silly lockFile 656b33b7-debug-2-1-1 debug@2.1.1
186 verbose lock debug@2.1.1 /Users/kimberlyleon1/.npm/656b33b7-debug-2-1-1.lock
187 silly lockFile 0f993b18-body-parser-1-10-1 body-parser@1.10.1
188 silly lockFile 0f993b18-body-parser-1-10-1 body-parser@1.10.1
189 silly lockFile 7ab299d0-morgan-1-5-1 morgan@1.5.1
190 silly lockFile 7ab299d0-morgan-1-5-1 morgan@1.5.1
191 silly lockFile cef81d7c-serve-favicon-2-2-0 serve-favicon@2.2.0
192 silly lockFile cef81d7c-serve-favicon-2-2-0 serve-favicon@2.2.0
193 silly lockFile 8e4fa182-body-parser-1-10-1 body-parser@~1.10.1
194 silly lockFile 8e4fa182-body-parser-1-10-1 body-parser@~1.10.1
195 silly lockFile 66ba047d-morgan-1-5-1 morgan@~1.5.1
196 silly lockFile 66ba047d-morgan-1-5-1 morgan@~1.5.1
197 silly lockFile 9df5bad7-serve-favicon-2-2-0 serve-favicon@~2.2.0
198 silly lockFile 9df5bad7-serve-favicon-2-2-0 serve-favicon@~2.2.0
199 silly lockFile 68450bd4-cookie-parser-1-3-3 cookie-parser@1.3.3
200 silly lockFile 68450bd4-cookie-parser-1-3-3 cookie-parser@1.3.3
201 silly lockFile bf5babd8-cookie-parser-1-3-3 cookie-parser@~1.3.3
202 silly lockFile bf5babd8-cookie-parser-1-3-3 cookie-parser@~1.3.3
203 silly lockFile 656b33b7-debug-2-1-1 debug@2.1.1
204 silly lockFile 656b33b7-debug-2-1-1 debug@2.1.1
205 silly lockFile 09d11068-debug-2-1-1 debug@~2.1.1
206 silly lockFile 09d11068-debug-2-1-1 debug@~2.1.1
207 http 200 https://registry.npmjs.org/jade
208 silly registry.get cb [ 200,
208 silly registry.get   { date: 'Tue, 13 Jan 2015 02:11:14 GMT',
208 silly registry.get     server: 'CouchDB/1.5.0 (Erlang OTP/R16B03)',
208 silly registry.get     etag: '"6WGE7CX1ZGPP0JWCTB07JE7Y8"',
208 silly registry.get     'content-type': 'application/json',
208 silly registry.get     'cache-control': 'max-age=60',
208 silly registry.get     'content-length': '133893',
208 silly registry.get     'accept-ranges': 'bytes',
208 silly registry.get     via: '1.1 varnish',
208 silly registry.get     age: '7',
208 silly registry.get     'x-served-by': 'cache-jfk1031-JFK',
208 silly registry.get     'x-cache': 'HIT',
208 silly registry.get     'x-cache-hits': '2',
208 silly registry.get     'x-timer': 'S1421115074.365121,VS0,VE0',
208 silly registry.get     vary: 'Accept',
208 silly registry.get     'keep-alive': 'timeout=10, max=49',
208 silly registry.get     connection: 'Keep-Alive' } ]
209 silly addNameRange number 2 { name: 'jade', range: '>=1.8.2-0 <1.9.0-0', hasData: true }
210 silly addNameRange versions [ 'jade',
210 silly addNameRange   [ '0.0.1',
210 silly addNameRange     '0.0.2',
210 silly addNameRange     '0.1.0',
210 silly addNameRange     '0.2.0',
210 silly addNameRange     '0.2.1',
210 silly addNameRange     '0.2.2',
210 silly addNameRange     '0.2.3',
210 silly addNameRange     '0.2.4',
210 silly addNameRange     '0.3.0',
210 silly addNameRange     '0.4.0',
210 silly addNameRange     '0.4.1',
210 silly addNameRange     '0.5.0',
210 silly addNameRange     '0.5.1',
210 silly addNameRange     '0.5.2',
210 silly addNameRange     '0.5.3',
210 silly addNameRange     '0.5.4',
210 silly addNameRange     '0.5.5',
210 silly addNameRange     '0.5.6',
210 silly addNameRange     '0.5.7',
210 silly addNameRange     '0.6.0',
210 silly addNameRange     '0.6.1',
210 silly addNameRange     '0.6.3',
210 silly addNameRange     '0.7.0',
210 silly addNameRange     '0.7.1',
210 silly addNameRange     '0.8.0',
210 silly addNameRange     '0.8.1',
210 silly addNameRange     '0.8.2',
210 silly addNameRange     '0.8.3',
210 silly addNameRange     '0.8.4',
210 silly addNameRange     '0.8.5',
210 silly addNameRange     '0.8.6',
210 silly addNameRange     '0.8.7',
210 silly addNameRange     '0.8.8',
210 silly addNameRange     '0.8.9',
210 silly addNameRange     '0.9.0',
210 silly addNameRange     '0.9.1',
210 silly addNameRange     '0.9.2',
210 silly addNameRange     '0.9.3',
210 silly addNameRange     '0.10.0',
210 silly addNameRange     '0.10.1',
210 silly addNameRange     '0.10.2',
210 silly addNameRange     '0.10.3',
210 silly addNameRange     '0.10.4',
210 silly addNameRange     '0.10.5',
210 silly addNameRange     '0.10.6',
210 silly addNameRange     '0.10.7',
210 silly addNameRange     '0.11.0',
210 silly addNameRange     '0.11.1',
210 silly addNameRange     '0.12.0',
210 silly addNameRange     '0.12.1',
210 silly addNameRange     '0.12.2',
210 silly addNameRange     '0.12.3',
210 silly addNameRange     '0.12.4',
210 silly addNameRange     '0.13.0',
210 silly addNameRange     '0.14.0',
210 silly addNameRange     '0.14.1',
210 silly addNameRange     '0.14.2',
210 silly addNameRange     '0.15.0',
210 silly addNameRange     '0.15.1',
210 silly addNameRange     '0.15.2',
210 silly addNameRange     '0.15.3',
210 silly addNameRange     '0.15.4',
210 silly addNameRange     '0.16.0',
210 silly addNameRange     '0.16.1',
210 silly addNameRange     '0.16.2',
210 silly addNameRange     '0.16.3',
210 silly addNameRange     '0.16.4',
210 silly addNameRange     '0.17.0',
210 silly addNameRange     '0.18.0',
210 silly addNameRange     '0.19.0',
210 silly addNameRange     '0.20.0',
210 silly addNameRange     '0.20.1',
210 silly addNameRange     '0.20.2',
210 silly addNameRange     '0.20.3',
210 silly addNameRange     '0.21.0',
210 silly addNameRange     '0.22.0',
210 silly addNameRange     '0.22.1',
210 silly addNameRange     '0.23.0',
210 silly addNameRange     '0.24.0',
210 silly addNameRange     '0.25.0',
210 silly addNameRange     '0.26.0',
210 silly addNameRange     '0.26.1',
210 silly addNameRange     '0.26.2',
210 silly addNameRange     '0.26.3',
210 silly addNameRange     '0.27.0',
210 silly addNameRange     '0.27.1',
210 silly addNameRange     '0.27.2',
210 silly addNameRange     '0.27.3',
210 silly addNameRange     '0.27.4',
210 silly addNameRange     '0.27.5',
210 silly addNameRange     '0.27.6',
210 silly addNameRange     '0.27.7',
210 silly addNameRange     '0.28.0',
210 silly addNameRange     '0.28.1',
210 silly addNameRange     '0.28.2',
210 silly addNameRange     '0.29.0',
210 silly addNameRange     '0.30.0',
210 silly addNameRange     '0.31.0',
210 silly addNameRange     '0.31.1',
210 silly addNameRange     '0.31.2',
210 silly addNameRange     '0.32.0',
210 silly addNameRange     '0.33.0',
210 silly addNameRange     '0.34.0',
210 silly addNameRange     '0.34.1',
210 silly addNameRange     '0.35.0',
210 silly addNameRange     '1.0.0',
210 silly addNameRange     '1.0.1',
210 silly addNameRange     '1.0.2',
210 silly addNameRange     '1.1.0',
210 silly addNameRange     '1.1.1',
210 silly addNameRange     '1.1.2',
210 silly addNameRange     '1.1.3',
210 silly addNameRange     '1.1.4',
210 silly addNameRange     '1.1.5',
210 silly addNameRange     '1.2.0',
210 silly addNameRange     '1.3.0',
210 silly addNameRange     '1.3.1',
210 silly addNameRange     '1.4.0',
210 silly addNameRange     '1.4.1',
210 silly addNameRange     '1.4.2',
210 silly addNameRange     '1.5.0',
210 silly addNameRange     '1.6.0',
210 silly addNameRange     '1.7.0',
210 silly addNameRange     '1.8.0',
210 silly addNameRange     '1.8.1',
210 silly addNameRange     '1.8.2' ] ]
211 verbose addNamed [ 'jade', '1.8.2' ]
212 verbose addNamed [ '1.8.2', '1.8.2' ]
213 silly lockFile c5c4fb28-jade-1-8-2 jade@1.8.2
214 verbose lock jade@1.8.2 /Users/kimberlyleon1/.npm/c5c4fb28-jade-1-8-2.lock
215 silly lockFile 60de8c46-ry-npmjs-org-jade-jade-1-8-2-tgz https://registry.npmjs.org/jade/-/jade-1.8.2.tgz
216 verbose lock https://registry.npmjs.org/jade/-/jade-1.8.2.tgz /Users/kimberlyleon1/.npm/60de8c46-ry-npmjs-org-jade-jade-1-8-2-tgz.lock
217 verbose addRemoteTarball [ 'https://registry.npmjs.org/jade/-/jade-1.8.2.tgz',
217 verbose addRemoteTarball   '0db3630b2cb8145f6bf144d760b56e6b0bbb0aa0' ]
218 info retry fetch attempt 1 at 21:11:13
219 verbose fetch to= /var/folders/k1/fqcc2vyx4rn4v5_syf9hh_dw0000gp/T/npm-5838-L84b9OmP/registry.npmjs.org/jade/-/jade-1.8.2.tgz
220 http GET https://registry.npmjs.org/jade/-/jade-1.8.2.tgz
221 http 200 https://registry.npmjs.org/express
222 silly registry.get cb [ 200,
222 silly registry.get   { date: 'Tue, 13 Jan 2015 02:11:14 GMT',
222 silly registry.get     server: 'CouchDB/1.5.0 (Erlang OTP/R16B03)',
222 silly registry.get     etag: '"BXBX9NFH386JK0YVYKGEE8SVH"',
222 silly registry.get     'content-type': 'application/json',
222 silly registry.get     'cache-control': 'max-age=60',
222 silly registry.get     'content-length': '451037',
222 silly registry.get     'accept-ranges': 'bytes',
222 silly registry.get     via: '1.1 varnish',
222 silly registry.get     age: '28',
222 silly registry.get     'x-served-by': 'cache-jfk1021-JFK',
222 silly registry.get     'x-cache': 'HIT',
222 silly registry.get     'x-cache-hits': '1',
222 silly registry.get     'x-timer': 'S1421115074.355251,VS0,VE2',
222 silly registry.get     vary: 'Accept',
222 silly registry.get     'keep-alive': 'timeout=10, max=50',
222 silly registry.get     connection: 'Keep-Alive' } ]
223 http 200 https://registry.npmjs.org/jade/-/jade-1.8.2.tgz
224 silly addNameRange number 2 { name: 'express', range: '>=4.10.6-0 <4.11.0-0', hasData: true }
225 silly addNameRange versions [ 'express',
225 silly addNameRange   [ '0.14.0',
225 silly addNameRange     '0.14.1',
225 silly addNameRange     '1.0.0',
225 silly addNameRange     '1.0.1',
225 silly addNameRange     '1.0.2',
225 silly addNameRange     '1.0.3',
225 silly addNameRange     '1.0.4',
225 silly addNameRange     '1.0.5',
225 silly addNameRange     '1.0.6',
225 silly addNameRange     '1.0.7',
225 silly addNameRange     '1.0.8',
225 silly addNameRange     '2.0.0',
225 silly addNameRange     '2.1.0',
225 silly addNameRange     '2.1.1',
225 silly addNameRange     '2.2.0',
225 silly addNameRange     '2.2.1',
225 silly addNameRange     '2.2.2',
225 silly addNameRange     '2.3.0',
225 silly addNameRange     '2.3.1',
225 silly addNameRange     '2.3.2',
225 silly addNameRange     '2.3.3',
225 silly addNameRange     '2.3.4',
225 silly addNameRange     '2.3.5',
225 silly addNameRange     '2.3.6',
225 silly addNameRange     '2.3.7',
225 silly addNameRange     '2.3.8',
225 silly addNameRange     '2.3.9',
225 silly addNameRange     '2.3.10',
225 silly addNameRange     '2.3.11',
225 silly addNameRange     '2.3.12',
225 silly addNameRange     '2.4.0',
225 silly addNameRange     '2.4.1',
225 silly addNameRange     '2.4.2',
225 silly addNameRange     '2.4.3',
225 silly addNameRange     '2.4.4',
225 silly addNameRange     '2.4.5',
225 silly addNameRange     '2.4.6',
225 silly addNameRange     '2.4.7',
225 silly addNameRange     '2.5.0',
225 silly addNameRange     '2.5.1',
225 silly addNameRange     '2.5.2',
225 silly addNameRange     '2.5.3',
225 silly addNameRange     '2.5.4',
225 silly addNameRange     '2.5.5',
225 silly addNameRange     '2.5.6',
225 silly addNameRange     '2.5.7',
225 silly addNameRange     '2.5.8',
225 silly addNameRange     '2.5.9',
225 silly addNameRange     '2.5.10',
225 silly addNameRange     '2.5.11',
225 silly addNameRange     '3.0.0',
225 silly addNameRange     '3.0.1',
225 silly addNameRange     '3.0.2',
225 silly addNameRange     '3.0.3',
225 silly addNameRange     '3.0.4',
225 silly addNameRange     '3.0.5',
225 silly addNameRange     '3.0.6',
225 silly addNameRange     '3.1.0',
225 silly addNameRange     '3.1.1',
225 silly addNameRange     '3.1.2',
225 silly addNameRange     '3.2.0',
225 silly addNameRange     '3.2.1',
225 silly addNameRange     '3.2.2',
225 silly addNameRange     '3.2.3',
225 silly addNameRange     '3.2.4',
225 silly addNameRange     '3.2.5',
225 silly addNameRange     '3.2.6',
225 silly addNameRange     '3.3.0',
225 silly addNameRange     '3.3.1',
225 silly addNameRange     '3.3.2',
225 silly addNameRange     '3.3.3',
225 silly addNameRange     '3.3.4',
225 silly addNameRange     '3.3.5',
225 silly addNameRange     '3.3.6',
225 silly addNameRange     '1.0.0-beta',
225 silly addNameRange     '1.0.0-beta2',
225 silly addNameRange     '1.0.0-rc',
225 silly addNameRange     '1.0.0-rc2',
225 silly addNameRange     '1.0.0-rc3',
225 silly addNameRange     '1.0.0-rc4',
225 silly addNameRange     '2.0.0-beta',
225 silly addNameRange     '2.0.0-beta2',
225 silly addNameRange     '2.0.0-beta3',
225 silly addNameRange     '2.0.0-rc',
225 silly addNameRange     '2.0.0-rc2',
225 silly addNameRange     '2.0.0-rc3',
225 silly addNameRange     '3.0.0-alpha1',
225 silly addNameRange     '3.0.0-alpha2',
225 silly addNameRange     '3.0.0-alpha3',
225 silly addNameRange     '3.0.0-alpha4',
225 silly addNameRange     '3.0.0-alpha5',
225 silly addNameRange     '3.0.0-beta1',
225 silly addNameRange     '3.0.0-beta2',
225 silly addNameRange     '3.0.0-beta3',
225 silly addNameRange     '3.0.0-beta4',
225 silly addNameRange     '3.0.0-beta6',
225 silly addNameRange     '3.0.0-beta7',
225 silly addNameRange     '3.0.0-rc1',
225 silly addNameRange     '3.0.0-rc2',
225 silly addNameRange     '3.0.0-rc3',
225 silly addNameRange     '3.0.0-rc4',
225 silly addNameRange     '3.0.0-rc5',
225 silly addNameRange     '3.3.7',
225 silly addNameRange     '3.3.8',
225 silly addNameRange     '3.4.0',
225 silly addNameRange     '3.4.1',
225 silly addNameRange     '3.4.2',
225 silly addNameRange     '3.4.3',
225 silly addNameRange     '3.4.4',
225 silly addNameRange     '3.4.5',
225 silly addNameRange     '3.4.6',
225 silly addNameRange     '3.4.7',
225 silly addNameRange     '3.4.8',
225 silly addNameRange     '4.0.0-rc1',
225 silly addNameRange     '4.0.0-rc2',
225 silly addNameRange     '3.5.0',
225 silly addNameRange     '4.0.0-rc3',
225 silly addNameRange     '4.0.0-rc4',
225 silly addNameRange     '3.5.1',
225 silly addNameRange     '4.0.0',
225 silly addNameRange     '3.5.2',
225 silly addNameRange     '4.1.0',
225 silly addNameRange     '4.1.1',
225 silly addNameRange     '3.5.3',
225 silly addNameRange     '4.1.2',
225 silly addNameRange     '3.6.0',
225 silly addNameRange     '4.2.0',
225 silly addNameRange     '3.7.0',
225 silly addNameRange     '3.8.0',
225 silly addNameRange     '4.3.0',
225 silly addNameRange     '4.3.1',
225 silly addNameRange     '3.8.1',
225 silly addNameRange     '4.3.2',
225 silly addNameRange     '3.9.0',
225 silly addNameRange     '4.4.0',
225 silly addNameRange     '4.4.1',
225 silly addNameRange     '3.10.0',
225 silly addNameRange     '3.10.1',
225 silly addNameRange     '3.10.2',
225 silly addNameRange     '3.10.3',
225 silly addNameRange     '3.10.4',
225 silly addNameRange     '4.4.2',
225 silly addNameRange     '3.10.5',
225 silly addNameRange     '4.4.3',
225 silly addNameRange     '3.11.0',
225 silly addNameRange     '4.4.4',
225 silly addNameRange     '3.12.0',
225 silly addNameRange     '3.12.1',
225 silly addNameRange     '4.4.5',
225 silly addNameRange     '3.13.0',
225 silly addNameRange     '4.5.0',
225 silly addNameRange     '4.5.1',
225 silly addNameRange     '3.14.0',
225 silly addNameRange     '4.6.0',
225 silly addNameRange     '4.6.1',
225 silly addNameRange     '3.15.0',
225 silly addNameRange     '4.7.0',
225 silly addNameRange     '3.15.1',
225 silly addNameRange     '4.7.1',
225 silly addNameRange     '3.15.2',
225 silly addNameRange     '4.7.2',
225 silly addNameRange     '4.7.3',
225 silly addNameRange     '3.15.3',
225 silly addNameRange     '4.7.4',
225 silly addNameRange     '3.16.0',
225 silly addNameRange     '4.8.0',
225 silly addNameRange     '3.16.1',
225 silly addNameRange     '4.8.1',
225 silly addNameRange     '3.16.2',
225 silly addNameRange     '4.8.2',
225 silly addNameRange     '3.16.3',
225 silly addNameRange     '3.16.4',
225 silly addNameRange     '4.8.3',
225 silly addNameRange     '3.16.5',
225 silly addNameRange     '3.16.6',
225 silly addNameRange     '4.8.4',
225 silly addNameRange     '3.16.7',
225 silly addNameRange     '4.8.5',
225 silly addNameRange     '3.16.8',
225 silly addNameRange     '4.8.6',
225 silly addNameRange     '3.16.9',
225 silly addNameRange     '4.8.7',
225 silly addNameRange     '3.16.10',
225 silly addNameRange     '4.8.8',
225 silly addNameRange     '3.17.0',
225 silly addNameRange     '3.17.1',
225 silly addNameRange     '4.9.0',
225 silly addNameRange     '3.17.2',
225 silly addNameRange     '4.9.1',
225 silly addNameRange     '4.9.2',
225 silly addNameRange     '3.17.3',
225 silly addNameRange     '4.9.3',
225 silly addNameRange     '3.17.4',
225 silly addNameRange     '4.9.4',
225 silly addNameRange     '3.17.5',
225 silly addNameRange     '4.9.5',
225 silly addNameRange     '3.17.6',
225 silly addNameRange     '3.17.7',
225 silly addNameRange     '4.9.6',
225 silly addNameRange     '4.9.7',
225 silly addNameRange     '3.17.8',
225 silly addNameRange     '4.9.8',
225 silly addNameRange     '3.18.0',
225 silly addNameRange     '3.18.1',
225 silly addNameRange     '4.10.0',
225 silly addNameRange     '3.18.2',
225 silly addNameRange     '4.10.1',
225 silly addNameRange     '5.0.0-alpha.1',
225 silly addNameRange     '3.18.3',
225 silly addNameRange     '4.10.2',
225 silly addNameRange     '3.18.4',
225 silly addNameRange     '4.10.3',
225 silly addNameRange     '4.10.4',
225 silly addNameRange     '4.10.5',
225 silly addNameRange     '3.18.5',
225 silly addNameRange     '3.18.6',
225 silly addNameRange     '4.10.6',
225 silly addNameRange     '4.10.7',
225 silly addNameRange     '3.19.0' ] ]
226 verbose addNamed [ 'express', '4.10.7' ]
227 verbose addNamed [ '4.10.7', '4.10.7' ]
228 silly lockFile 9ce688f6-express-4-10-7 express@4.10.7
229 verbose lock express@4.10.7 /Users/kimberlyleon1/.npm/9ce688f6-express-4-10-7.lock
230 silly lockFile 9ce688f6-express-4-10-7 express@4.10.7
231 silly lockFile 9ce688f6-express-4-10-7 express@4.10.7
232 silly lockFile 2847eb2c-express-4-10-6 express@~4.10.6
233 silly lockFile 2847eb2c-express-4-10-6 express@~4.10.6
234 silly lockFile 60de8c46-ry-npmjs-org-jade-jade-1-8-2-tgz https://registry.npmjs.org/jade/-/jade-1.8.2.tgz
235 silly lockFile 60de8c46-ry-npmjs-org-jade-jade-1-8-2-tgz https://registry.npmjs.org/jade/-/jade-1.8.2.tgz
236 silly lockFile c5c4fb28-jade-1-8-2 jade@1.8.2
237 silly lockFile c5c4fb28-jade-1-8-2 jade@1.8.2
238 silly lockFile 3c7a704c-jade-1-8-2 jade@~1.8.2
239 silly lockFile 3c7a704c-jade-1-8-2 jade@~1.8.2
240 error Error: EACCES, mkdir '/Users/kimberlyleon1/.npm/jade/1.8.2'
240 error  { [Error: EACCES, mkdir '/Users/kimberlyleon1/.npm/jade/1.8.2']
240 error   errno: 3,
240 error   code: 'EACCES',
240 error   path: '/Users/kimberlyleon1/.npm/jade/1.8.2',
240 error   parent: 'myapp' }
241 error Please try running this command again as root/Administrator.
242 error System Darwin 14.0.0
243 error command "node" "/usr/local/bin/npm" "install"
244 error cwd /Users/kimberlyleon1/myapp
245 error node -v v0.10.35
246 error npm -v 1.4.28
247 error path /Users/kimberlyleon1/.npm/jade/1.8.2
248 error code EACCES
249 error errno 3
250 error stack Error: EACCES, mkdir '/Users/kimberlyleon1/.npm/jade/1.8.2'
251 verbose exit [ 3, true ]
